Line:	1+1*3
Postfix:	[1, 1, 3, *, +]
Result:	4

Line:	2 *5 / 2
Postfix:	[2, 5, *, 2, /]
Result:	5

Line:	1+1+1*3
Postfix:	[1, 1, +, 1, 3, *, +]
Result:	5

Line:	1+2
Postfix:	[1, 2, +]
Result:	3

Line:	4+2
Postfix:	[4, 2, +]
Result:	6

Line:	1+1*3
Postfix:	[1, 1, 3, *, +]
Result:	4

Line:	2 *5 / 2
Postfix:	[2, 5, *, 2, /]
Result:	5

Line:	1+1+1*3
Postfix:	[1, 1, +, 1, 3, *, +]
Result:	5

Line:	1+2
Postfix:	[1, 2, +]
Result:	3

Line:	4+2
Postfix:	[4, 2, +]
Result:	6

Line:	1+1*3
Postfix:	[1, 1, 3, *, +]
Result:	4

Line:	2 *5 / 2
Postfix:	[2, 5, *, 2, /]
Result:	5

Line:	1+1+1*3
Postfix:	[1, 1, +, 1, 3, *, +]
Result:	5

Line:	1+2
Postfix:	[1, 2, +]
Result:	3

Line:	4+2
Postfix:	[4, 2, +]
Result:	6

Line:	1+1*3
Postfix:	[1, 1, 3, *, +]
Result:	4

Line:	2 *5 / 2
Postfix:	[2, 5, *, 2, /]
Result:	5

Line:	1+1+1*3
Postfix:	[1, 1, +, 1, 3, *, +]
Result:	5

Line:	1+2
Postfix:	[1, 2, +]
Result:	3

Line:	4+2
Postfix:	[4, 2, +]
Result:	6

Line:	1+1*3
Postfix:	[1, 1, 3, *, +]
Result:	4

Line:	2 *5 / 2
Postfix:	[2, 5, *, 2, /]
Result:	5

Line:	1+1*3
Postfix:	[1, 1, 3, *, +]
Result:	4

Line:	2 *5 / 2
Postfix:	[2, 5, *, 2, /]
Result:	5

Line:	1+1+1*3
Postfix:	[1, 1, +, 1, 3, *, +]
Result:	5

Line:	1+2
Postfix:	[1, 2, +]
Result:	3

Line:	4+2
Postfix:	[4, 2, +]
Result:	6

Line:	1+1*3
Postfix:	[1, 1, 3, *, +]
Result:	4

Line:	2 *5 / 2
Postfix:	[2, 5, *, 2, /]
Result:	5

Line:	1+1+1*3
Postfix:	[1, 1, +, 1, 3, *, +]
Result:	5

Line:	1+2
Postfix:	[1, 2, +]
Result:	3

Line:	4+2
Postfix:	[4, 2, +]
Result:	6

Line:	1+1*3
Postfix:	[1, 1, 3, *, +]
Result:	4

Line:	2 *5 / 2
Postfix:	[2, 5, *, 2, /]
Result:	5

Line:	1+1+1*3
Postfix:	[1, 1, +, 1, 3, *, +]
Result:	5

Line:	1+2
Postfix:	[1, 2, +]
Result:	3

Line:	4+2
Postfix:	[4, 2, +]
Result:	6

Line:	1+1*3
Postfix:	[1, 1, 3, *, +]
Result:	4

Line:	2 *5 / 2
Postfix:	[2, 5, *, 2, /]
Result:	5

Line:	1+1+1*3
Postfix:	[1, 1, +, 1, 3, *, +]
Result:	5

Line:	1+2
Postfix:	[1, 2, +]
Result:	3

Line:	4+2
Postfix:	[4, 2, +]
Result:	6

Line:	1+1*3
Postfix:	[1, 1, 3, *, +]
Result:	4

Line:	2 *5 / 2
Postfix:	[2, 5, *, 2, /]
Result:	5

Line:	1+1*3
Postfix:	[1, 1, 3, *, +]
Result:	4

Line:	2 *5 / 2
Postfix:	[2, 5, *, 2, /]
Result:	5

Line:	1+1+1*3
Postfix:	[1, 1, +, 1, 3, *, +]
Result:	5

Line:	1+2
Postfix:	[1, 2, +]
Result:	3

Line:	4+2
Postfix:	[4, 2, +]
Result:	6

Line:	1+1*3
Postfix:	[1, 1, 3, *, +]
Result:	4

Line:	2 *5 / 2
Postfix:	[2, 5, *, 2, /]
Result:	5

Line:	1+1+1*3
Postfix:	[1, 1, +, 1, 3, *, +]
Result:	5

Line:	1+2
Postfix:	[1, 2, +]
Result:	3

Line:	4+2
Postfix:	[4, 2, +]
Result:	6

Line:	1+1*3
Postfix:	[1, 1, 3, *, +]
Result:	4

Line:	2 *5 / 2
Postfix:	[2, 5, *, 2, /]
Result:	5

Line:	1+1+1*3
Postfix:	[1, 1, +, 1, 3, *, +]
Result:	5

Line:	1+2
Postfix:	[1, 2, +]
Result:	3

Line:	4+2
Postfix:	[4, 2, +]
Result:	6

Line:	1+1*3
Postfix:	[1, 1, 3, *, +]
Result:	4

Line:	2 *5 / 2
Postfix:	[2, 5, *, 2, /]
Result:	5

Line:	1+1+1*3
Postfix:	[1, 1, +, 1, 3, *, +]
Result:	5

Line:	1+2
Postfix:	[1, 2, +]
Result:	3

Line:	4+2
Postfix:	[4, 2, +]
Result:	6

Line:	1+1*3
Postfix:	[1, 1, 3, *, +]
Result:	4

Line:	2 *5 / 2
Postfix:	[2, 5, *, 2, /]
Result:	5

Line:	6+6
Postfix:	[6, 6, +]
Result:	12

---------------------------------------------------------------------------------